{"/home/daudzkie/Downloads/FullStackYT/LearnReact/fs2020-part1/src/App.js": {"path":"/home/daudzkie/Downloads/FullStackYT/LearnReact/fs2020-part1/src/App.js","statementMap":{"0":{"start":{"line":10,"column":12},"end":{"line":272,"column":1}},"1":{"start":{"line":11,"column":28},"end":{"line":11,"column":40}},"2":{"start":{"line":13,"column":42},"end":{"line":13,"column":56}},"3":{"start":{"line":14,"column":34},"end":{"line":14,"column":46}},"4":{"start":{"line":15,"column":34},"end":{"line":15,"column":46}},"5":{"start":{"line":20,"column":26},"end":{"line":20,"column":40}},"6":{"start":{"line":21,"column":38},"end":{"line":21,"column":53}},"7":{"start":{"line":24,"column":30},"end":{"line":24,"column":42}},"8":{"start":{"line":26,"column":2},"end":{"line":32,"column":13}},"9":{"start":{"line":27,"column":4},"end":{"line":31,"column":8}},"10":{"start":{"line":30,"column":8},"end":{"line":30,"column":30}},"11":{"start":{"line":35,"column":2},"end":{"line":42,"column":8}},"12":{"start":{"line":36,"column":27},"end":{"line":36,"column":75}},"13":{"start":{"line":37,"column":4},"end":{"line":41,"column":5}},"14":{"start":{"line":38,"column":19},"end":{"line":38,"column":45}},"15":{"start":{"line":39,"column":6},"end":{"line":39,"column":19}},"16":{"start":{"line":40,"column":6},"end":{"line":40,"column":38}},"17":{"start":{"line":45,"column":21},"end":{"line":63,"column":3}},"18":{"start":{"line":46,"column":4},"end":{"line":46,"column":23}},"19":{"start":{"line":47,"column":4},"end":{"line":47,"column":33}},"20":{"start":{"line":49,"column":17},"end":{"line":49,"column":49}},"21":{"start":{"line":49,"column":33},"end":{"line":49,"column":48}},"22":{"start":{"line":51,"column":4},"end":{"line":51,"column":21}},"23":{"start":{"line":52,"column":31},"end":{"line":55,"column":5}},"24":{"start":{"line":57,"column":4},"end":{"line":61,"column":8}},"25":{"start":{"line":60,"column":8},"end":{"line":60,"column":78}},"26":{"start":{"line":60,"column":35},"end":{"line":60,"column":76}},"27":{"start":{"line":66,"column":27},"end":{"line":78,"column":3}},"28":{"start":{"line":68,"column":4},"end":{"line":68,"column":33}},"29":{"start":{"line":70,"column":17},"end":{"line":70,"column":49}},"30":{"start":{"line":70,"column":33},"end":{"line":70,"column":48}},"31":{"start":{"line":72,"column":4},"end":{"line":77,"column":10}},"32":{"start":{"line":73,"column":6},"end":{"line":77,"column":10}},"33":{"start":{"line":76,"column":10},"end":{"line":76,"column":80}},"34":{"start":{"line":76,"column":37},"end":{"line":76,"column":78}},"35":{"start":{"line":81,"column":24},"end":{"line":106,"column":3}},"36":{"start":{"line":89,"column":4},"end":{"line":89,"column":42}},"37":{"start":{"line":90,"column":4},"end":{"line":99,"column":8}},"38":{"start":{"line":93,"column":8},"end":{"line":93,"column":44}},"39":{"start":{"line":116,"column":22},"end":{"line":142,"column":3}},"40":{"start":{"line":117,"column":4},"end":{"line":117,"column":26}},"41":{"start":{"line":118,"column":4},"end":{"line":118,"column":55}},"42":{"start":{"line":120,"column":4},"end":{"line":141,"column":5}},"43":{"start":{"line":121,"column":19},"end":{"line":123,"column":8}},"44":{"start":{"line":125,"column":6},"end":{"line":125,"column":23}},"45":{"start":{"line":127,"column":6},"end":{"line":129,"column":7}},"46":{"start":{"line":131,"column":6},"end":{"line":131,"column":38}},"47":{"start":{"line":132,"column":6},"end":{"line":132,"column":25}},"48":{"start":{"line":133,"column":6},"end":{"line":133,"column":19}},"49":{"start":{"line":134,"column":6},"end":{"line":134,"column":21}},"50":{"start":{"line":135,"column":6},"end":{"line":135,"column":21}},"51":{"start":{"line":137,"column":6},"end":{"line":137,"column":42}},"52":{"start":{"line":138,"column":6},"end":{"line":140,"column":14}},"53":{"start":{"line":139,"column":8},"end":{"line":139,"column":29}},"54":{"start":{"line":144,"column":20},"end":{"line":154,"column":3}},"55":{"start":{"line":145,"column":4},"end":{"line":153,"column":16}},"56":{"start":{"line":149,"column":46},"end":{"line":149,"column":71}},"57":{"start":{"line":150,"column":46},"end":{"line":150,"column":71}},"58":{"start":{"line":156,"column":22},"end":{"line":156,"column":39}},"59":{"start":{"line":158,"column":19},"end":{"line":172,"column":3}},"60":{"start":{"line":159,"column":4},"end":{"line":171,"column":16}},"61":{"start":{"line":240,"column":23},"end":{"line":244,"column":3}},"62":{"start":{"line":241,"column":4},"end":{"line":241,"column":26}},"63":{"start":{"line":242,"column":4},"end":{"line":242,"column":31}},"64":{"start":{"line":243,"column":4},"end":{"line":243,"column":30}},"65":{"start":{"line":246,"column":2},"end":{"line":271,"column":3}},"66":{"start":{"line":261,"column":12},"end":{"line":266,"column":14}}},"fnMap":{"0":{"name":"(anonymous_0)","decl":{"start":{"line":10,"column":12},"end":{"line":10,"column":13}},"loc":{"start":{"line":10,"column":18},"end":{"line":272,"column":1}},"line":10},"1":{"name":"(anonymous_1)","decl":{"start":{"line":26,"column":12},"end":{"line":26,"column":13}},"loc":{"start":{"line":26,"column":18},"end":{"line":32,"column":3}},"line":26},"2":{"name":"(anonymous_2)","decl":{"start":{"line":29,"column":12},"end":{"line":29,"column":13}},"loc":{"start":{"line":29,"column":28},"end":{"line":31,"column":7}},"line":29},"3":{"name":"(anonymous_3)","decl":{"start":{"line":35,"column":12},"end":{"line":35,"column":13}},"loc":{"start":{"line":35,"column":18},"end":{"line":42,"column":3}},"line":35},"4":{"name":"(anonymous_4)","decl":{"start":{"line":45,"column":21},"end":{"line":45,"column":22}},"loc":{"start":{"line":45,"column":33},"end":{"line":63,"column":3}},"line":45},"5":{"name":"(anonymous_5)","decl":{"start":{"line":49,"column":28},"end":{"line":49,"column":29}},"loc":{"start":{"line":49,"column":33},"end":{"line":49,"column":48}},"line":49},"6":{"name":"(anonymous_6)","decl":{"start":{"line":59,"column":12},"end":{"line":59,"column":13}},"loc":{"start":{"line":59,"column":28},"end":{"line":61,"column":7}},"line":59},"7":{"name":"(anonymous_7)","decl":{"start":{"line":60,"column":27},"end":{"line":60,"column":28}},"loc":{"start":{"line":60,"column":35},"end":{"line":60,"column":76}},"line":60},"8":{"name":"(anonymous_8)","decl":{"start":{"line":66,"column":27},"end":{"line":66,"column":28}},"loc":{"start":{"line":66,"column":39},"end":{"line":78,"column":3}},"line":66},"9":{"name":"(anonymous_9)","decl":{"start":{"line":70,"column":28},"end":{"line":70,"column":29}},"loc":{"start":{"line":70,"column":33},"end":{"line":70,"column":48}},"line":70},"10":{"name":"(anonymous_10)","decl":{"start":{"line":75,"column":14},"end":{"line":75,"column":15}},"loc":{"start":{"line":75,"column":30},"end":{"line":77,"column":9}},"line":75},"11":{"name":"(anonymous_11)","decl":{"start":{"line":76,"column":29},"end":{"line":76,"column":30}},"loc":{"start":{"line":76,"column":37},"end":{"line":76,"column":78}},"line":76},"12":{"name":"(anonymous_12)","decl":{"start":{"line":81,"column":24},"end":{"line":81,"column":25}},"loc":{"start":{"line":81,"column":40},"end":{"line":106,"column":3}},"line":81},"13":{"name":"(anonymous_13)","decl":{"start":{"line":92,"column":12},"end":{"line":92,"column":13}},"loc":{"start":{"line":92,"column":28},"end":{"line":99,"column":7}},"line":92},"14":{"name":"(anonymous_14)","decl":{"start":{"line":116,"column":22},"end":{"line":116,"column":23}},"loc":{"start":{"line":116,"column":39},"end":{"line":142,"column":3}},"line":116},"15":{"name":"(anonymous_15)","decl":{"start":{"line":138,"column":17},"end":{"line":138,"column":18}},"loc":{"start":{"line":138,"column":23},"end":{"line":140,"column":7}},"line":138},"16":{"name":"(anonymous_16)","decl":{"start":{"line":144,"column":20},"end":{"line":144,"column":21}},"loc":{"start":{"line":145,"column":4},"end":{"line":153,"column":16}},"line":145},"17":{"name":"(anonymous_17)","decl":{"start":{"line":149,"column":30},"end":{"line":149,"column":31}},"loc":{"start":{"line":149,"column":46},"end":{"line":149,"column":71}},"line":149},"18":{"name":"(anonymous_18)","decl":{"start":{"line":150,"column":30},"end":{"line":150,"column":31}},"loc":{"start":{"line":150,"column":46},"end":{"line":150,"column":71}},"line":150},"19":{"name":"(anonymous_19)","decl":{"start":{"line":158,"column":19},"end":{"line":158,"column":20}},"loc":{"start":{"line":159,"column":4},"end":{"line":171,"column":16}},"line":159},"20":{"name":"(anonymous_20)","decl":{"start":{"line":240,"column":23},"end":{"line":240,"column":24}},"loc":{"start":{"line":240,"column":34},"end":{"line":244,"column":3}},"line":240},"21":{"name":"(anonymous_21)","decl":{"start":{"line":260,"column":21},"end":{"line":260,"column":22}},"loc":{"start":{"line":261,"column":12},"end":{"line":266,"column":14}},"line":261}},"branchMap":{"0":{"loc":{"start":{"line":37,"column":4},"end":{"line":41,"column":5}},"type":"if","locations":[{"start":{"line":37,"column":4},"end":{"line":41,"column":5}},{"start":{"line":37,"column":4},"end":{"line":41,"column":5}}],"line":37},"1":{"loc":{"start":{"line":60,"column":35},"end":{"line":60,"column":76}},"type":"cond-expr","locations":[{"start":{"line":60,"column":57},"end":{"line":60,"column":61}},{"start":{"line":60,"column":64},"end":{"line":60,"column":76}}],"line":60},"2":{"loc":{"start":{"line":72,"column":4},"end":{"line":77,"column":10}},"type":"if","locations":[{"start":{"line":72,"column":4},"end":{"line":77,"column":10}},{"start":{"line":72,"column":4},"end":{"line":77,"column":10}}],"line":72},"3":{"loc":{"start":{"line":76,"column":37},"end":{"line":76,"column":78}},"type":"cond-expr","locations":[{"start":{"line":76,"column":59},"end":{"line":76,"column":63}},{"start":{"line":76,"column":66},"end":{"line":76,"column":78}}],"line":76},"4":{"loc":{"start":{"line":251,"column":7},"end":{"line":268,"column":14}},"type":"cond-expr","locations":[{"start":{"line":252,"column":8},"end":{"line":252,"column":19}},{"start":{"line":253,"column":8},"end":{"line":268,"column":14}}],"line":251},"5":{"loc":{"start":{"line":251,"column":7},"end":{"line":251,"column":35}},"type":"binary-expr","locations":[{"start":{"line":251,"column":7},"end":{"line":251,"column":20}},{"start":{"line":251,"column":24},"end":{"line":251,"column":35}}],"line":251}},"s":{"0":0,"1":0,"2":0,"3":0,"4":0,"5":0,"6":0,"7":0,"8":0,"9":0,"10":0,"11":0,"12":0,"13":0,"14":0,"15":0,"16":0,"17":0,"18":0,"19":0,"20":0,"21":0,"22":0,"23":0,"24":0,"25":0,"26":0,"27":0,"28":0,"29":0,"30":0,"31":0,"32":0,"33":0,"34":0,"35":0,"36":0,"37":0,"38":0,"39":0,"40":0,"41":0,"42":0,"43":0,"44":0,"45":0,"46":0,"47":0,"48":0,"49":0,"50":0,"51":0,"52":0,"53":0,"54":0,"55":0,"56":0,"57":0,"58":0,"59":0,"60":0,"61":0,"62":0,"63":0,"64":0,"65":0,"66":0},"f":{"0":0,"1":0,"2":0,"3":0,"4":0,"5":0,"6":0,"7":0,"8":0,"9":0,"10":0,"11":0,"12":0,"13":0,"14":0,"15":0,"16":0,"17":0,"18":0,"19":0,"20":0,"21":0},"b":{"0":[0,0],"1":[0,0],"2":[0,0],"3":[0,0],"4":[0,0],"5":[0,0]},"hash":"0a723b1a57780eab0967fefa234084fcb47835ef"}
,"/home/daudzkie/Downloads/FullStackYT/LearnReact/fs2020-part1/src/index.js": {"path":"/home/daudzkie/Downloads/FullStackYT/LearnReact/fs2020-part1/src/index.js","statementMap":{"0":{"start":{"line":5,"column":0},"end":{"line":6,"column":34}}},"fnMap":{},"branchMap":{},"s":{"0":0},"f":{},"b":{},"hash":"c9ad5fbd16b6d74049fcf100dd49aa93fa3f9a2e"}
,"/home/daudzkie/Downloads/FullStackYT/LearnReact/fs2020-part1/src/components/BlogForm.jsx": {"path":"/home/daudzkie/Downloads/FullStackYT/LearnReact/fs2020-part1/src/components/BlogForm.jsx","statementMap":{"0":{"start":{"line":4,"column":17},"end":{"line":70,"column":1}},"1":{"start":{"line":5,"column":28},"end":{"line":5,"column":40}},"2":{"start":{"line":6,"column":30},"end":{"line":6,"column":42}},"3":{"start":{"line":7,"column":24},"end":{"line":7,"column":36}},"4":{"start":{"line":8,"column":28},"end":{"line":8,"column":40}},"5":{"start":{"line":9,"column":32},"end":{"line":9,"column":46}},"6":{"start":{"line":11,"column":18},"end":{"line":29,"column":3}},"7":{"start":{"line":12,"column":4},"end":{"line":12,"column":26}},"8":{"start":{"line":13,"column":4},"end":{"line":18,"column":6}},"9":{"start":{"line":19,"column":4},"end":{"line":19,"column":48}},"10":{"start":{"line":20,"column":4},"end":{"line":22,"column":12}},"11":{"start":{"line":21,"column":6},"end":{"line":21,"column":22}},"12":{"start":{"line":24,"column":4},"end":{"line":24,"column":16}},"13":{"start":{"line":25,"column":4},"end":{"line":25,"column":17}},"14":{"start":{"line":26,"column":4},"end":{"line":26,"column":14}},"15":{"start":{"line":27,"column":4},"end":{"line":27,"column":16}},"16":{"start":{"line":31,"column":2},"end":{"line":69,"column":3}},"17":{"start":{"line":41,"column":38},"end":{"line":41,"column":60}},"18":{"start":{"line":48,"column":38},"end":{"line":48,"column":61}},"19":{"start":{"line":55,"column":38},"end":{"line":55,"column":58}},"20":{"start":{"line":62,"column":38},"end":{"line":62,"column":60}}},"fnMap":{"0":{"name":"(anonymous_0)","decl":{"start":{"line":4,"column":17},"end":{"line":4,"column":18}},"loc":{"start":{"line":4,"column":40},"end":{"line":70,"column":1}},"line":4},"1":{"name":"(anonymous_1)","decl":{"start":{"line":11,"column":18},"end":{"line":11,"column":19}},"loc":{"start":{"line":11,"column":29},"end":{"line":29,"column":3}},"line":11},"2":{"name":"(anonymous_2)","decl":{"start":{"line":20,"column":15},"end":{"line":20,"column":16}},"loc":{"start":{"line":20,"column":21},"end":{"line":22,"column":5}},"line":20},"3":{"name":"(anonymous_3)","decl":{"start":{"line":41,"column":22},"end":{"line":41,"column":23}},"loc":{"start":{"line":41,"column":38},"end":{"line":41,"column":60}},"line":41},"4":{"name":"(anonymous_4)","decl":{"start":{"line":48,"column":22},"end":{"line":48,"column":23}},"loc":{"start":{"line":48,"column":38},"end":{"line":48,"column":61}},"line":48},"5":{"name":"(anonymous_5)","decl":{"start":{"line":55,"column":22},"end":{"line":55,"column":23}},"loc":{"start":{"line":55,"column":38},"end":{"line":55,"column":58}},"line":55},"6":{"name":"(anonymous_6)","decl":{"start":{"line":62,"column":22},"end":{"line":62,"column":23}},"loc":{"start":{"line":62,"column":38},"end":{"line":62,"column":60}},"line":62}},"branchMap":{},"s":{"0":1,"1":2,"2":2,"3":2,"4":2,"5":2,"6":2,"7":1,"8":1,"9":0,"10":0,"11":0,"12":0,"13":0,"14":0,"15":0,"16":2,"17":1,"18":0,"19":0,"20":0},"f":{"0":2,"1":1,"2":0,"3":1,"4":0,"5":0,"6":0},"b":{},"_coverageSchema":"43e27e138ebf9cfc5966b082cf9a028302ed4184","hash":"64d1ab9a368a9ce4a7a90d63736fa9c847ed5063"}
,"/home/daudzkie/Downloads/FullStackYT/LearnReact/fs2020-part1/src/components/DisplayBlog.jsx": {"path":"/home/daudzkie/Downloads/FullStackYT/LearnReact/fs2020-part1/src/components/DisplayBlog.jsx","statementMap":{"0":{"start":{"line":4,"column":20},"end":{"line":59,"column":1}},"1":{"start":{"line":11,"column":40},"end":{"line":11,"column":55}},"2":{"start":{"line":12,"column":22},"end":{"line":15,"column":3}},"3":{"start":{"line":13,"column":4},"end":{"line":13,"column":32}},"4":{"start":{"line":18,"column":20},"end":{"line":24,"column":3}},"5":{"start":{"line":26,"column":26},"end":{"line":28,"column":3}},"6":{"start":{"line":27,"column":4},"end":{"line":27,"column":23}},"7":{"start":{"line":30,"column":21},"end":{"line":32,"column":3}},"8":{"start":{"line":31,"column":4},"end":{"line":31,"column":29}},"9":{"start":{"line":33,"column":2},"end":{"line":58,"column":3}}},"fnMap":{"0":{"name":"(anonymous_0)","decl":{"start":{"line":4,"column":20},"end":{"line":4,"column":21}},"loc":{"start":{"line":9,"column":6},"end":{"line":59,"column":1}},"line":9},"1":{"name":"(anonymous_1)","decl":{"start":{"line":12,"column":22},"end":{"line":12,"column":23}},"loc":{"start":{"line":12,"column":28},"end":{"line":15,"column":3}},"line":12},"2":{"name":"(anonymous_2)","decl":{"start":{"line":26,"column":26},"end":{"line":26,"column":27}},"loc":{"start":{"line":26,"column":32},"end":{"line":28,"column":3}},"line":26},"3":{"name":"(anonymous_3)","decl":{"start":{"line":30,"column":21},"end":{"line":30,"column":22}},"loc":{"start":{"line":30,"column":27},"end":{"line":32,"column":3}},"line":30}},"branchMap":{"0":{"loc":{"start":{"line":36,"column":7},"end":{"line":54,"column":14}},"type":"cond-expr","locations":[{"start":{"line":38,"column":8},"end":{"line":41,"column":14}},{"start":{"line":43,"column":8},"end":{"line":54,"column":14}}],"line":36}},"s":{"0":1,"1":1,"2":1,"3":0,"4":1,"5":1,"6":0,"7":1,"8":0,"9":1},"f":{"0":1,"1":0,"2":0,"3":0},"b":{"0":[1,0]},"_coverageSchema":"43e27e138ebf9cfc5966b082cf9a028302ed4184","hash":"ccde50e7d46974066ccb9675c4cbfe63ac98cb35"}
,"/home/daudzkie/Downloads/FullStackYT/LearnReact/fs2020-part1/src/components/LoginForm.jsx": {"path":"/home/daudzkie/Downloads/FullStackYT/LearnReact/fs2020-part1/src/components/LoginForm.jsx","statementMap":{"0":{"start":{"line":4,"column":18},"end":{"line":36,"column":1}},"1":{"start":{"line":12,"column":2},"end":{"line":35,"column":3}},"2":{"start":{"line":38,"column":0},"end":{"line":44,"column":1}}},"fnMap":{"0":{"name":"(anonymous_0)","decl":{"start":{"line":4,"column":18},"end":{"line":4,"column":19}},"loc":{"start":{"line":10,"column":6},"end":{"line":36,"column":1}},"line":10}},"branchMap":{},"s":{"0":0,"1":0,"2":0},"f":{"0":0},"b":{},"hash":"2226c33653ca1e180cb070aada070f2f573a1572"}
,"/home/daudzkie/Downloads/FullStackYT/LearnReact/fs2020-part1/src/components/Notification.jsx": {"path":"/home/daudzkie/Downloads/FullStackYT/LearnReact/fs2020-part1/src/components/Notification.jsx","statementMap":{"0":{"start":{"line":3,"column":21},"end":{"line":10,"column":1}},"1":{"start":{"line":4,"column":2},"end":{"line":8,"column":3}}},"fnMap":{"0":{"name":"(anonymous_0)","decl":{"start":{"line":3,"column":21},"end":{"line":3,"column":22}},"loc":{"start":{"line":3,"column":38},"end":{"line":10,"column":1}},"line":3}},"branchMap":{},"s":{"0":1,"1":2},"f":{"0":2},"b":{},"_coverageSchema":"43e27e138ebf9cfc5966b082cf9a028302ed4184","hash":"2a6811237dfb942719c00e0d48afec0be6988d47"}
,"/home/daudzkie/Downloads/FullStackYT/LearnReact/fs2020-part1/src/components/Togglable.jsx": {"path":"/home/daudzkie/Downloads/FullStackYT/LearnReact/fs2020-part1/src/components/Togglable.jsx","statementMap":{"0":{"start":{"line":4,"column":18},"end":{"line":32,"column":2}},"1":{"start":{"line":5,"column":32},"end":{"line":5,"column":47}},"2":{"start":{"line":7,"column":26},"end":{"line":7,"column":60}},"3":{"start":{"line":8,"column":26},"end":{"line":8,"column":60}},"4":{"start":{"line":10,"column":27},"end":{"line":12,"column":3}},"5":{"start":{"line":11,"column":4},"end":{"line":11,"column":24}},"6":{"start":{"line":14,"column":2},"end":{"line":18,"column":4}},"7":{"start":{"line":15,"column":4},"end":{"line":17,"column":5}},"8":{"start":{"line":20,"column":2},"end":{"line":31,"column":3}},"9":{"start":{"line":34,"column":0},"end":{"line":34,"column":35}},"10":{"start":{"line":36,"column":0},"end":{"line":38,"column":1}}},"fnMap":{"0":{"name":"(anonymous_0)","decl":{"start":{"line":4,"column":35},"end":{"line":4,"column":36}},"loc":{"start":{"line":4,"column":51},"end":{"line":32,"column":1}},"line":4},"1":{"name":"(anonymous_1)","decl":{"start":{"line":10,"column":27},"end":{"line":10,"column":28}},"loc":{"start":{"line":10,"column":33},"end":{"line":12,"column":3}},"line":10},"2":{"name":"(anonymous_2)","decl":{"start":{"line":14,"column":27},"end":{"line":14,"column":28}},"loc":{"start":{"line":14,"column":33},"end":{"line":18,"column":3}},"line":14}},"branchMap":{"0":{"loc":{"start":{"line":7,"column":37},"end":{"line":7,"column":58}},"type":"cond-expr","locations":[{"start":{"line":7,"column":47},"end":{"line":7,"column":53}},{"start":{"line":7,"column":56},"end":{"line":7,"column":58}}],"line":7},"1":{"loc":{"start":{"line":8,"column":37},"end":{"line":8,"column":58}},"type":"cond-expr","locations":[{"start":{"line":8,"column":47},"end":{"line":8,"column":49}},{"start":{"line":8,"column":52},"end":{"line":8,"column":58}}],"line":8}},"s":{"0":1,"1":7,"2":7,"3":7,"4":7,"5":3,"6":7,"7":0,"8":7,"9":1,"10":1},"f":{"0":7,"1":3,"2":0},"b":{"0":[2,5],"1":[2,5]},"_coverageSchema":"43e27e138ebf9cfc5966b082cf9a028302ed4184","hash":"6fede771a95cff0e6d66e294e08330b9ba6514ba"}
,"/home/daudzkie/Downloads/FullStackYT/LearnReact/fs2020-part1/src/services/blogService.jsx": {"path":"/home/daudzkie/Downloads/FullStackYT/LearnReact/fs2020-part1/src/services/blogService.jsx","statementMap":{"0":{"start":{"line":2,"column":16},"end":{"line":2,"column":49}},"1":{"start":{"line":6,"column":12},"end":{"line":6,"column":16}},"2":{"start":{"line":8,"column":17},"end":{"line":10,"column":1}},"3":{"start":{"line":9,"column":2},"end":{"line":9,"column":30}},"4":{"start":{"line":12,"column":15},"end":{"line":16,"column":1}},"5":{"start":{"line":13,"column":18},"end":{"line":13,"column":36}},"6":{"start":{"line":14,"column":19},"end":{"line":14,"column":32}},"7":{"start":{"line":15,"column":2},"end":{"line":15,"column":22}},"8":{"start":{"line":18,"column":15},"end":{"line":24,"column":1}},"9":{"start":{"line":19,"column":17},"end":{"line":21,"column":3}},"10":{"start":{"line":22,"column":19},"end":{"line":22,"column":60}},"11":{"start":{"line":23,"column":2},"end":{"line":23,"column":22}},"12":{"start":{"line":26,"column":15},"end":{"line":29,"column":1}},"13":{"start":{"line":27,"column":19},"end":{"line":27,"column":62}},"14":{"start":{"line":28,"column":2},"end":{"line":28,"column":22}},"15":{"start":{"line":31,"column":15},"end":{"line":37,"column":1}},"16":{"start":{"line":32,"column":17},"end":{"line":34,"column":3}},"17":{"start":{"line":35,"column":19},"end":{"line":35,"column":65}},"18":{"start":{"line":36,"column":2},"end":{"line":36,"column":22}}},"fnMap":{"0":{"name":"(anonymous_0)","decl":{"start":{"line":8,"column":17},"end":{"line":8,"column":18}},"loc":{"start":{"line":8,"column":29},"end":{"line":10,"column":1}},"line":8},"1":{"name":"(anonymous_1)","decl":{"start":{"line":12,"column":15},"end":{"line":12,"column":16}},"loc":{"start":{"line":12,"column":27},"end":{"line":16,"column":1}},"line":12},"2":{"name":"(anonymous_2)","decl":{"start":{"line":18,"column":15},"end":{"line":18,"column":16}},"loc":{"start":{"line":18,"column":31},"end":{"line":24,"column":1}},"line":18},"3":{"name":"(anonymous_3)","decl":{"start":{"line":26,"column":15},"end":{"line":26,"column":16}},"loc":{"start":{"line":26,"column":37},"end":{"line":29,"column":1}},"line":26},"4":{"name":"(anonymous_4)","decl":{"start":{"line":31,"column":15},"end":{"line":31,"column":16}},"loc":{"start":{"line":31,"column":27},"end":{"line":37,"column":1}},"line":31}},"branchMap":{},"s":{"0":0,"1":0,"2":0,"3":0,"4":0,"5":0,"6":0,"7":0,"8":0,"9":0,"10":0,"11":0,"12":0,"13":0,"14":0,"15":0,"16":0,"17":0,"18":0},"f":{"0":0,"1":0,"2":0,"3":0,"4":0},"b":{},"hash":"faea58c9e38becaa906b1bbf702d1c5430897339"}
,"/home/daudzkie/Downloads/FullStackYT/LearnReact/fs2020-part1/src/services/login.jsx": {"path":"/home/daudzkie/Downloads/FullStackYT/LearnReact/fs2020-part1/src/services/login.jsx","statementMap":{"0":{"start":{"line":3,"column":16},"end":{"line":3,"column":49}},"1":{"start":{"line":5,"column":14},"end":{"line":8,"column":1}},"2":{"start":{"line":6,"column":19},"end":{"line":6,"column":57}},"3":{"start":{"line":7,"column":2},"end":{"line":7,"column":22}}},"fnMap":{"0":{"name":"(anonymous_0)","decl":{"start":{"line":5,"column":14},"end":{"line":5,"column":15}},"loc":{"start":{"line":5,"column":36},"end":{"line":8,"column":1}},"line":5}},"branchMap":{},"s":{"0":0,"1":0,"2":0,"3":0},"f":{"0":0},"b":{},"hash":"75243e7dd5d6aeaa3ccf7fe6c24f61c4258f0685"}
}
